0 verbose cli [ '/usr/local/bin/node', '/usr/local/bin/npm', 'install', 'dotenv' ]
1 info using npm@8.3.1
2 info using node@v16.14.0
3 timing npm:load:whichnode Completed in 0ms
4 timing config:load:defaults Completed in 1ms
5 timing config:load:file:/usr/local/lib/node_modules/npm/npmrc Completed in 0ms
6 timing config:load:builtin Completed in 0ms
7 timing config:load:cli Completed in 1ms
8 timing config:load:env Completed in 0ms
9 timing config:load:file:/Users/kimartienda/Desktop/MERN-APP-artienda-kimberly/shoperific/.npmrc Completed in 1ms
10 timing config:load:project Completed in 1ms
11 timing config:load:file:/Users/kimartienda/.npmrc Completed in 0ms
12 timing config:load:user Completed in 0ms
13 timing config:load:file:/usr/local/etc/npmrc Completed in 0ms
14 timing config:load:global Completed in 0ms
15 timing config:load:validate Completed in 0ms
16 timing config:load:credentials Completed in 0ms
17 timing config:load:setEnvs Completed in 1ms
18 timing config:load Completed in 4ms
19 timing npm:load:configload Completed in 4ms
20 timing npm:load:setTitle Completed in 5ms
21 timing config:load:flatten Completed in 1ms
22 timing npm:load:display Completed in 1ms
23 verbose logfile /Users/kimartienda/.npm/_logs/2022-04-19T16_18_42_611Z-debug-0.log
24 timing npm:load:logFile Completed in 1ms
25 timing npm:load:timers Completed in 0ms
26 timing npm:load:configScope Completed in 0ms
27 timing npm:load Completed in 13ms
28 timing arborist:ctor Completed in 1ms
29 silly logfile start cleaning logs, removing 1 files
30 timing idealTree:init Completed in 9ms
31 timing idealTree:userRequests Completed in 1ms
32 silly idealTree buildDeps
33 silly fetch manifest dotenv@*
34 timing arborist:ctor Completed in 0ms
35 http fetch GET 200 https://registry.npmjs.org/dotenv 437ms (cache revalidated)
36 silly placeDep ROOT dotenv@16.0.0 OK for: shoperific@1.0.0 want: *
37 timing idealTree:#root Completed in 444ms
38 timing idealTree:node_modules/dotenv Completed in 1ms
39 timing idealTree:buildDeps Completed in 445ms
40 timing idealTree:fixDepFlags Completed in 0ms
41 timing idealTree Completed in 456ms
42 timing reify:loadTrees Completed in 456ms
43 timing reify:diffTrees Completed in 1ms
44 silly reify moves {}
45 timing reify:retireShallow Completed in 0ms
46 timing reify:createSparse Completed in 1ms
47 timing reify:loadBundles Completed in 0ms
48 silly audit bulk request { '@types/node': [ '17.0.24' ], dotenv: [ '16.0.0' ] }
49 timing reifyNode:node_modules/dotenv Completed in 16ms
50 timing reify:unpack Completed in 16ms
51 timing reify:unretire Completed in 0ms
52 timing build:queue Completed in 1ms
53 timing build:deps Completed in 1ms
54 timing build Completed in 1ms
55 timing reify:build Completed in 1ms
56 timing reify:trash Completed in 0ms
57 timing reify:save Completed in 3ms
58 http fetch POST 200 https://registry.npmjs.org/-/npm/v1/security/advisories/bulk 431ms
59 timing auditReport:getReport Completed in 432ms
60 silly audit report {}
61 timing auditReport:init Completed in 0ms
62 timing reify:audit Completed in 433ms
63 timing reify Completed in 897ms
64 silly ADD node_modules/dotenv
65 timing command:install Completed in 899ms
66 verbose exit 0
67 timing npm Completed in 996ms
68 info ok
