0 verbose cli [
0 verbose cli   '/usr/local/bin/node',
0 verbose cli   '/usr/local/lib/node_modules/npm/bin/npm-cli.js',
0 verbose cli   'exec',
0 verbose cli   '--',
0 verbose cli   'create-react-app',
0 verbose cli   'frontend'
0 verbose cli ]
1 info using npm@8.3.1
2 info using node@v16.14.0
3 timing npm:load:whichnode Completed in 0ms
4 timing config:load:defaults Completed in 1ms
5 timing config:load:file:/usr/local/lib/node_modules/npm/npmrc Completed in 0ms
6 timing config:load:builtin Completed in 1ms
7 timing config:load:cli Completed in 0ms
8 timing config:load:env Completed in 1ms
9 timing config:load:file:/Users/kimartienda/Desktop/MERN-APP-artienda-kimberly/shoperific/.npmrc Completed in 0ms
10 timing config:load:project Completed in 1ms
11 timing config:load:file:/Users/kimartienda/.npmrc Completed in 0ms
12 timing config:load:user Completed in 0ms
13 timing config:load:file:/usr/local/etc/npmrc Completed in 0ms
14 timing config:load:global Completed in 0ms
15 timing config:load:validate Completed in 0ms
16 timing config:load:credentials Completed in 0ms
17 timing config:load:setEnvs Completed in 0ms
18 timing config:load Completed in 5ms
19 timing npm:load:configload Completed in 6ms
20 timing npm:load:setTitle Completed in 4ms
21 timing config:load:flatten Completed in 1ms
22 timing npm:load:display Completed in 1ms
23 verbose logfile /Users/kimartienda/.npm/_logs/2022-04-16T17_09_33_542Z-debug-0.log
24 timing npm:load:logFile Completed in 2ms
25 timing npm:load:timers Completed in 0ms
26 timing npm:load:configScope Completed in 0ms
27 timing npm:load Completed in 14ms
28 silly logfile start cleaning logs, removing 1 files
29 http fetch GET 200 https://registry.npmjs.org/create-react-app 438ms (cache updated)
30 timing arborist:ctor Completed in 0ms
31 timing arborist:ctor Completed in 0ms
32 timing arborist:ctor Completed in 0ms
33 timing idealTree:init Completed in 20ms
34 timing idealTree:userRequests Completed in 0ms
35 silly idealTree buildDeps
36 silly fetch manifest create-react-app@^5.0.0
37 http fetch GET 200 https://registry.npmjs.org/create-react-app 10ms (cache hit)
38 silly placeDep ROOT create-react-app@5.0.1 REPLACE for:  want: ^5.0.0
39 timing idealTree:#root Completed in 15ms
40 timing idealTree:node_modules/create-react-app Completed in 0ms
41 timing idealTree:buildDeps Completed in 16ms
42 timing idealTree:fixDepFlags Completed in 1ms
43 timing idealTree Completed in 41ms
44 timing reify:loadTrees Completed in 41ms
45 timing reify:diffTrees Completed in 3ms
46 silly reify mark retired [
46 silly reify   '/Users/kimartienda/.npm/_npx/c67e74de0542c87c/node_modules/create-react-app',
46 silly reify   '/Users/kimartienda/.npm/_npx/c67e74de0542c87c/node_modules/.bin/create-react-app'
46 silly reify ]
47 silly reify moves {
47 silly reify   '/Users/kimartienda/.npm/_npx/c67e74de0542c87c/node_modules/create-react-app': '/Users/kimartienda/.npm/_npx/c67e74de0542c87c/node_modules/.create-react-app-EJ7G7vdR',
47 silly reify   '/Users/kimartienda/.npm/_npx/c67e74de0542c87c/node_modules/.bin/create-react-app': '/Users/kimartienda/.npm/_npx/c67e74de0542c87c/node_modules/.bin/.create-react-app-gakxRdxt'
47 silly reify }
48 timing reify:retireShallow Completed in 1ms
49 timing reify:createSparse Completed in 1ms
50 timing reify:loadBundles Completed in 0ms
51 silly audit bulk request {
51 silly audit   'ansi-styles': [ '4.3.0' ],
51 silly audit   'balanced-match': [ '1.0.2' ],
51 silly audit   'block-stream': [ '0.0.9' ],
51 silly audit   'brace-expansion': [ '1.1.11' ],
51 silly audit   'buffer-from': [ '0.1.2' ],
51 silly audit   builtins: [ '1.0.3' ],
51 silly audit   chalk: [ '4.1.2' ],
51 silly audit   'color-convert': [ '2.0.1' ],
51 silly audit   'color-name': [ '1.1.4' ],
51 silly audit   commander: [ '4.1.1' ],
51 silly audit   'concat-map': [ '0.0.1' ],
51 silly audit   'core-util-is': [ '1.0.3' ],
51 silly audit   'cross-spawn': [ '7.0.3' ],
51 silly audit   debug: [ '2.6.9' ],
51 silly audit   duplexer2: [ '0.0.2' ],
51 silly audit   envinfo: [ '7.8.1' ],
51 silly audit   'fs-extra': [ '10.0.1' ],
51 silly audit   'fs.realpath': [ '1.0.0' ],
51 silly audit   fstream: [ '1.0.12' ],
51 silly audit   'fstream-ignore': [ '1.0.5' ],
51 silly audit   glob: [ '7.2.0' ],
51 silly audit   'graceful-fs': [ '4.2.10' ],
51 silly audit   'has-flag': [ '4.0.0' ],
51 silly audit   hyperquest: [ '2.1.3' ],
51 silly audit   inflight: [ '1.0.6' ],
51 silly audit   inherits: [ '2.0.4' ],
51 silly audit   isarray: [ '0.0.1', '1.0.0' ],
51 silly audit   isexe: [ '2.0.0' ],
51 silly audit   jsonfile: [ '6.1.0' ],
51 silly audit   kleur: [ '3.0.3' ],
51 silly audit   'lru-cache': [ '7.8.0' ],
51 silly audit   minimatch: [ '3.1.2' ],
51 silly audit   minimist: [ '1.2.6' ],
51 silly audit   mkdirp: [ '0.5.6' ],
51 silly audit   ms: [ '2.0.0' ],
51 silly audit   once: [ '1.4.0' ],
51 silly audit   'path-is-absolute': [ '1.0.1' ],
51 silly audit   'path-key': [ '3.1.1' ],
51 silly audit   'process-nextick-args': [ '2.0.1' ],
51 silly audit   prompts: [ '2.4.2' ],
51 silly audit   'readable-stream': [ '1.1.14', '2.3.7', '1.0.34' ],
51 silly audit   rimraf: [ '2.7.1', '3.0.2' ],
51 silly audit   'safe-buffer': [ '5.1.2' ],
51 silly audit   semver: [ '7.3.6' ],
51 silly audit   'shebang-command': [ '2.0.0' ],
51 silly audit   'shebang-regex': [ '3.0.0' ],
51 silly audit   sisteransi: [ '1.0.5' ],
51 silly audit   string_decoder: [ '0.10.31', '1.1.1' ],
51 silly audit   'supports-color': [ '7.2.0' ],
51 silly audit   tar: [ '2.2.2' ],
51 silly audit   'tar-pack': [ '3.4.1' ],
51 silly audit   through2: [ '0.6.5' ],
51 silly audit   tmp: [ '0.2.1' ],
51 silly audit   'uid-number': [ '0.0.6' ],
51 silly audit   universalify: [ '2.0.0' ],
51 silly audit   'util-deprecate': [ '1.0.2' ],
51 silly audit   'validate-npm-package-name': [ '3.0.0' ],
51 silly audit   which: [ '2.0.2' ],
51 silly audit   wrappy: [ '1.0.2' ],
51 silly audit   xtend: [ '4.0.2' ],
51 silly audit   'create-react-app': [ '5.0.1' ]
51 silly audit }
52 silly tarball no local data for create-react-app@https://registry.npmjs.org/create-react-app/-/create-react-app-5.0.1.tgz. Extracting by manifest.
53 http fetch GET 200 https://registry.npmjs.org/create-react-app/-/create-react-app-5.0.1.tgz 310ms (cache miss)
54 timing reifyNode:node_modules/create-react-app Completed in 316ms
55 timing reify:unpack Completed in 316ms
56 timing reify:unretire Completed in 0ms
57 timing build:queue Completed in 1ms
58 timing build:link:node_modules/create-react-app Completed in 1ms
59 timing build:link Completed in 1ms
60 timing build:deps Completed in 2ms
61 timing build Completed in 2ms
62 timing reify:build Completed in 3ms
63 timing reify:trash Completed in 3ms
64 timing reify:save Completed in 10ms
65 http fetch POST 200 https://registry.npmjs.org/-/npm/v1/security/advisories/bulk 515ms
66 timing auditReport:getReport Completed in 517ms
67 silly audit report {
67 silly audit report   tar: [
67 silly audit report     {
67 silly audit report       id: 1067734,
67 silly audit report       url: 'https://github.com/advisories/GHSA-qq89-hq3f-393p',
67 silly audit report       title: 'Arbitrary File Creation/Overwrite via insufficient symlink protection due to directory cache poisoning using symbolic links',
67 silly audit report       severity: 'high',
67 silly audit report       vulnerable_versions: '<4.4.18',
67 silly audit report       cwe: [Array],
67 silly audit report       cvss: [Object]
67 silly audit report     },
67 silly audit report     {
67 silly audit report       id: 1067731,
67 silly audit report       url: 'https://github.com/advisories/GHSA-5955-9wpr-37jh',
67 silly audit report       title: 'Arbitrary File Creation/Overwrite on Windows via insufficient relative path sanitization',
67 silly audit report       severity: 'high',
67 silly audit report       vulnerable_versions: '<4.4.18',
67 silly audit report       cwe: [Array],
67 silly audit report       cvss: [Object]
67 silly audit report     },
67 silly audit report     {
67 silly audit report       id: 1067737,
67 silly audit report       url: 'https://github.com/advisories/GHSA-9r2w-394v-53qc',
67 silly audit report       title: 'Arbitrary File Creation/Overwrite via insufficient symlink protection due to directory cache poisoning using symbolic links',
67 silly audit report       severity: 'high',
67 silly audit report       vulnerable_versions: '<4.4.16',
67 silly audit report       cwe: [Array],
67 silly audit report       cvss: [Object]
67 silly audit report     },
67 silly audit report     {
67 silly audit report       id: 1067767,
67 silly audit report       url: 'https://github.com/advisories/GHSA-3jfq-g458-7qm9',
67 silly audit report       title: 'Arbitrary File Creation/Overwrite due to insufficient absolute path sanitization',
67 silly audit report       severity: 'high',
67 silly audit report       vulnerable_versions: '<3.2.2',
67 silly audit report       cwe: [Array],
67 silly audit report       cvss: [Object]
67 silly audit report     },
67 silly audit report     {
67 silly audit report       id: 1067771,
67 silly audit report       url: 'https://github.com/advisories/GHSA-r628-mhmh-qjhw',
67 silly audit report       title: 'Arbitrary File Creation/Overwrite via insufficient symlink protection due to directory cache poisoning',
67 silly audit report       severity: 'high',
67 silly audit report       vulnerable_versions: '<3.2.3',
67 silly audit report       cwe: [Array],
67 silly audit report       cvss: [Object]
67 silly audit report     }
67 silly audit report   ]
67 silly audit report }
68 timing metavuln:cache:get:security-advisory:tar:9fCpHzYQDt6/279Ukg2ZXFXMglUrGwxbNicHsd4J1Z/goqUTOwGqLEJtH40hwrcXHzh/ZasDnm+E4OyQiedXcA== Completed in 7ms
69 timing metavuln:cache:get:security-advisory:tar:A8ImuLv3PmHkbpv9X1ifoxqAnyDnPy8K7sEkyfb1iRSOiZ9OFMyNgaF+clYyOCD7Q0QgxfIz2bPDZD6fyLC9kw== Completed in 6ms
70 timing metavuln:cache:get:security-advisory:tar:LGNpIzs2mH9XBi2mIftUzBCnZdQGwNe6Yz6M07r8S9KPT8S7NHhp8QgxhRg0PydzD18H6KHGntGF+k9ycD49qQ== Completed in 6ms
71 timing metavuln:cache:get:security-advisory:tar:fhqFzz90bxoq7DaGDlMK7t7CjkJNFn2vuRIo+17L7EtXkYoVaFkn8vve3AzvhxKJeEreLM52fhjseseedPLuJA== Completed in 6ms
72 timing metavuln:cache:get:security-advisory:tar:UQnNosBtZfHHkOQcVUKYNPiU0PB/uNif2cbvnrzKbzCEyfB9pW6JZR0xSaGSkCQj2Rvcpx7WgYvcwRe9X8/XSA== Completed in 6ms
73 http fetch GET 200 https://registry.npmjs.org/tar 115ms (cache revalidated)
74 timing metavuln:packument:tar Completed in 118ms
75 timing metavuln:load:security-advisory:tar:1067734 Completed in 2ms
76 timing metavuln:calculate:security-advisory:tar:1067734 Completed in 120ms
77 timing metavuln:load:security-advisory:tar:1067731 Completed in 1ms
78 timing metavuln:calculate:security-advisory:tar:1067731 Completed in 120ms
79 timing metavuln:load:security-advisory:tar:1067737 Completed in 2ms
80 timing metavuln:calculate:security-advisory:tar:1067737 Completed in 123ms
81 timing metavuln:load:security-advisory:tar:1067767 Completed in 0ms
82 timing metavuln:calculate:security-advisory:tar:1067767 Completed in 123ms
83 timing metavuln:load:security-advisory:tar:1067771 Completed in 1ms
84 timing metavuln:calculate:security-advisory:tar:1067771 Completed in 124ms
85 timing metavuln:cache:get:security-advisory:tar-pack:J9nhrJFnjjLZPAwjYiJ1vSJw0l5o22y3xT9schCaBCQvYeOS2S7+3lki4lgVJ/1dOUB/w6mZITsr/sz2UqwgPw== Completed in 3ms
86 http fetch GET 200 https://registry.npmjs.org/tar-pack 112ms (cache revalidated)
87 timing metavuln:packument:tar-pack Completed in 112ms
88 timing metavuln:load:security-advisory:tar-pack:9fCpHzYQDt6/279Ukg2ZXFXMglUrGwxbNicHsd4J1Z/goqUTOwGqLEJtH40hwrcXHzh/ZasDnm+E4OyQiedXcA== Completed in 0ms
89 timing metavuln:calculate:security-advisory:tar-pack:9fCpHzYQDt6/279Ukg2ZXFXMglUrGwxbNicHsd4J1Z/goqUTOwGqLEJtH40hwrcXHzh/ZasDnm+E4OyQiedXcA== Completed in 112ms
90 timing metavuln:packument:create-react-app Completed in 0ms
91 timing metavuln:cache:get:security-advisory:create-react-app:hQfNJtKpqdJF7ailSPZB7ER5cR/Ib3qlXviaI5JaAJg3JiuhjDHiSAnBEwnu37e9qYAo+QsglMV2PVvdEzoLuw== Completed in 1ms
92 timing metavuln:load:security-advisory:create-react-app:J9nhrJFnjjLZPAwjYiJ1vSJw0l5o22y3xT9schCaBCQvYeOS2S7+3lki4lgVJ/1dOUB/w6mZITsr/sz2UqwgPw== Completed in 7ms
93 timing metavuln:cache:put:security-advisory:create-react-app:hQfNJtKpqdJF7ailSPZB7ER5cR/Ib3qlXviaI5JaAJg3JiuhjDHiSAnBEwnu37e9qYAo+QsglMV2PVvdEzoLuw== Completed in 3ms
94 timing metavuln:calculate:security-advisory:create-react-app:J9nhrJFnjjLZPAwjYiJ1vSJw0l5o22y3xT9schCaBCQvYeOS2S7+3lki4lgVJ/1dOUB/w6mZITsr/sz2UqwgPw== Completed in 11ms
95 timing auditReport:init Completed in 269ms
96 timing reify:audit Completed in 788ms
97 timing reify Completed in 837ms
98 timing command:exec Completed in 102426ms
99 verbose exit 0
100 timing npm Completed in 102508ms
101 info ok
