0 verbose cli [
0 verbose cli   '/usr/local/bin/node',
0 verbose cli   '/usr/local/bin/npm',
0 verbose cli   'config',
0 verbose cli   'get',
0 verbose cli   'prefix'
0 verbose cli ]
1 info using npm@8.3.1
2 info using node@v16.14.0
3 timing npm:load:whichnode Completed in 0ms
4 timing config:load:defaults Completed in 1ms
5 timing config:load:file:/usr/local/lib/node_modules/npm/npmrc Completed in 9ms
6 timing config:load:builtin Completed in 9ms
7 timing config:load:cli Completed in 3ms
8 timing config:load:env Completed in 4ms
9 timing config:load:file:/.npmrc Completed in 1ms
10 timing config:load:project Completed in 5ms
11 timing config:load:file:/Users/kimartienda/.npmrc Completed in 0ms
12 timing config:load:user Completed in 0ms
13 timing config:load:file:/usr/local/etc/npmrc Completed in 0ms
14 timing config:load:global Completed in 1ms
15 timing config:load:validate Completed in 0ms
16 timing config:load:credentials Completed in 2ms
17 timing config:load:setEnvs Completed in 0ms
18 timing config:load Completed in 25ms
19 timing npm:load:configload Completed in 25ms
20 timing npm:load:setTitle Completed in 5ms
21 timing config:load:flatten Completed in 3ms
22 timing npm:load:display Completed in 4ms
23 verbose logfile /Users/kimartienda/.npm/_logs/2022-04-16T17_27_20_251Z-debug-0.log
24 timing npm:load:logFile Completed in 4ms
25 timing npm:load:timers Completed in 0ms
26 timing npm:load:configScope Completed in 0ms
27 timing npm:load Completed in 40ms
28 timing command:config Completed in 0ms
29 verbose exit 0
30 timing npm Completed in 138ms
31 info ok
